<?xml version="1.0" encoding="UTF-8"?>
<testsuite name="com.marimbus.live365.Live365SearchStationTest" time="474.151" tests="45" errors="0" skipped="0" failures="0">
  <properties>
[...]
</properties>
  <testcase name="Test[0]" classname="com.marimbus.live365.Live365SearchStationTest" time="17.308"/>
  <testcase name="Test[1]" classname="com.marimbus.live365.Live365SearchStationTest" time="9.331"/>
  <testcase name="Test[2]" classname="com.marimbus.live365.Live365SearchStationTest" time="10.82"/>
  <testcase name="Test[3]" classname="com.marimbus.live365.Live365SearchStationTest" time="10.914"/>
  <testcase name="Test[4]" classname="com.marimbus.live365.Live365SearchStationTest" time="11.218"/>
  <testcase name="Test[5]" classname="com.marimbus.live365.Live365SearchStationTest" time="10.759"/>
  <testcase name="Test[6]" classname="com.marimbus.live365.Live365SearchStationTest" time="9.936"/>
  <testcase name="Test[7]" classname="com.marimbus.live365.Live365SearchStationTest" time="11.122"/>
  <testcase name="Test[8]" classname="com.marimbus.live365.Live365SearchStationTest" time="11.075"/>
  <testcase name="Test[9]" classname="com.marimbus.live365.Live365SearchStationTest" time="10.565"/>
  <testcase name="Test[10]" classname="com.marimbus.live365.Live365SearchStationTest" time="11.503"/>
  <testcase name="Test[11]" classname="com.marimbus.live365.Live365SearchStationTest" time="9.776"/>
  <testcase name="Test[12]" classname="com.marimbus.live365.Live365SearchStationTest" time="9.975"/>
  <testcase name="Test[13]" classname="com.marimbus.live365.Live365SearchStationTest" time="9.331"/>
  <testcase name="Test[14]" classname="com.marimbus.live365.Live365SearchStationTest" time="10.41"/>
  <testcase name="Test[15]" classname="com.marimbus.live365.Live365SearchStationTest" time="9.521"/>
  <testcase name="Test[16]" classname="com.marimbus.live365.Live365SearchStationTest" time="10.237"/>
  <testcase name="Test[17]" classname="com.marimbus.live365.Live365SearchStationTest" time="9.572"/>
  <testcase name="Test[18]" classname="com.marimbus.live365.Live365SearchStationTest" time="9.67"/>
  <testcase name="Test[19]" classname="com.marimbus.live365.Live365SearchStationTest" time="9.446"/>
  <testcase name="Test[20]" classname="com.marimbus.live365.Live365SearchStationTest" time="9.449"/>
  <testcase name="Test[21]" classname="com.marimbus.live365.Live365SearchStationTest" time="10.622"/>
  <testcase name="Test[22]" classname="com.marimbus.live365.Live365SearchStationTest" time="9.541"/>
  <testcase name="Test[23]" classname="com.marimbus.live365.Live365SearchStationTest" time="10.39"/>
  <testcase name="Test[24]" classname="com.marimbus.live365.Live365SearchStationTest" time="9.677"/>
  <testcase name="Test[25]" classname="com.marimbus.live365.Live365SearchStationTest" time="9.694"/>
  <testcase name="Test[26]" classname="com.marimbus.live365.Live365SearchStationTest" time="9.741"/>
  <testcase name="Test[27]" classname="com.marimbus.live365.Live365SearchStationTest" time="11.439"/>
  <testcase name="Test[28]" classname="com.marimbus.live365.Live365SearchStationTest" time="10.311"/>
  <testcase name="Test[29]" classname="com.marimbus.live365.Live365SearchStationTest" time="10.145"/>
  <testcase name="Test[30]" classname="com.marimbus.live365.Live365SearchStationTest" time="11.533"/>
  <testcase name="Test[31]" classname="com.marimbus.live365.Live365SearchStationTest" time="10.327"/>
  <testcase name="Test[32]" classname="com.marimbus.live365.Live365SearchStationTest" time="11.766"/>
  <testcase name="Test[33]" classname="com.marimbus.live365.Live365SearchStationTest" time="9.378"/>
  <testcase name="Test[34]" classname="com.marimbus.live365.Live365SearchStationTest" time="11.435"/>
  <testcase name="Test[35]" classname="com.marimbus.live365.Live365SearchStationTest" time="10.287"/>
  <testcase name="Test[36]" classname="com.marimbus.live365.Live365SearchStationTest" time="10.517"/>
  <testcase name="Test[37]" classname="com.marimbus.live365.Live365SearchStationTest" time="9.999"/>
  <testcase name="Test[38]" classname="com.marimbus.live365.Live365SearchStationTest" time="10.272"/>
  <testcase name="Test[39]" classname="com.marimbus.live365.Live365SearchStationTest" time="10.067"/>
  <testcase name="Test[40]" classname="com.marimbus.live365.Live365SearchStationTest" time="10.303"/>
  <testcase name="Test[41]" classname="com.marimbus.live365.Live365SearchStationTest" time="10.514"/>
  <testcase name="Test[42]" classname="com.marimbus.live365.Live365SearchStationTest" time="10.516"/>
  <testcase name="Test[43]" classname="com.marimbus.live365.Live365SearchStationTest" time="12.908"/>
  <testcase name="Test[44]" classname="com.marimbus.live365.Live365SearchStationTest" time="10.831"/>
</testsuite>